<?xml version="1.0" encoding="UTF-8"?>
<testsuite xmlns:xsi="http://www.w3.org/2001/XMLSchema-instance" xsi:noNamespaceSchemaLocation="https://maven.apache.org/surefire/maven-surefire-plugin/xsd/surefire-test-report.xsd" version="3.0.2" name="com.email.emailAssist.SmartAiAssistantApplicationTests" time="1.469" tests="1" errors="0" skipped="0" failures="0">
  <properties>
[...]
</properties>
  <testcase name="contextLoads" classname="com.email.emailAssist.SmartAiAssistantApplicationTests" time="0.374">
    <system-out><![CDATA[14:25:56.720 [main] INFO org.springframework.test.context.support.AnnotationConfigContextLoaderUtils -- Could not detect default configuration classes for test class [com.email.emailAssist.SmartAiAssistantApplicationTests]: SmartAiAssistantApplicationTests does not declare any static, non-private, non-final, nested classes annotated with @Configuration.
14:25:56.780 [main] INFO org.springframework.boot.test.context.SpringBootTestContextBootstrapper -- Found @SpringBootConfiguration com.email.emailAssist.SmartAiAssistantApplication for test class com.email.emailAssist.SmartAiAssistantApplicationTests

  .   ____          _            __ _ _
 /\\ / ___'_ __ _ _(_)_ __  __ _ \ \ \ \
( ( )\___ | '_ | '_| | '_ \/ _` | \ \ \ \
 \\/  ___)| |_)| | | | | || (_| |  ) ) ) )
  '  |____| .__|_| |_|_| |_\__, | / / / /
 =========|_|==============|___/=/_/_/_/

 :: Spring Boot ::                (v3.5.6)

2025-10-08T14:25:57.009+05:30  INFO 25188 --- [smart_ai_assistant] [           main] c.e.e.SmartAiAssistantApplicationTests   : Starting SmartAiAssistantApplicationTests using Java 22.0.2 with PID 25188 (started by anishadhillon in /Users/anishadhillon/Desktop/smart_ai_assistant)
2025-10-08T14:25:57.009+05:30  INFO 25188 --- [smart_ai_assistant] [           main] c.e.e.SmartAiAssistantApplicationTests   : No active profile set, falling back to 1 default profile: "default"
2025-10-08T14:25:57.732+05:30  INFO 25188 --- [smart_ai_assistant] [           main] c.e.e.SmartAiAssistantApplicationTests   : Started SmartAiAssistantApplicationTests in 0.884 seconds (process running for 1.345)
]]></system-out>
    <system-err><![CDATA[Mockito is currently self-attaching to enable the inline-mock-maker. This will no longer work in future releases of the JDK. Please add Mockito as an agent to your build as described in Mockito's documentation: https://javadoc.io/doc/org.mockito/mockito-core/latest/org.mockito/org/mockito/Mockito.html#0.3
WARNING: A Java agent has been loaded dynamically (/Users/anishadhillon/.m2/repository/net/bytebuddy/byte-buddy-agent/1.17.7/byte-buddy-agent-1.17.7.jar)
WARNING: If a serviceability tool is in use, please run with -XX:+EnableDynamicAgentLoading to hide this warning
WARNING: If a serviceability tool is not in use, please run with -Djdk.instrument.traceUsage for more information
WARNING: Dynamic loading of agents will be disallowed by default in a future release
]]></system-err>
  </testcase>
</testsuite>